\BOOKMARK [0][-]{section*.1}{\376\377\000M\036\344\000C\000\040\000L\036\344\000C}{}% 1
\BOOKMARK [0][-]{chapter.1}{\376\377\000T\000H\000\324\000N\000G\000\040\000T\000I\000N\000\040\000N\000H\000\323\000M}{}% 2
\BOOKMARK [0][-]{chapter.2}{\376\377\000T\000h\000u\036\255\000t\000\040\000t\000o\000\341\000n\000\040\000v\000\340\000\040\000c\000\341\000c\000h\000\040\000t\000r\000i\036\303\000n\000\040\000k\000h\000a\000i\000\040\000t\000r\000o\000n\000g\000\040\000g\000a\000m\000e}{}% 3
\BOOKMARK [1][-]{section.2.1}{\376\377\000G\000i\036\333\000i\000\040\000t\000h\000i\036\307\000u\000\040\000c\000h\000u\000n\000g}{chapter.2}% 4
\BOOKMARK [1][-]{section.2.2}{\376\377\000T\036\325\000\040\000c\000h\036\351\000c\000\040\000m\000\343\000\040\000n\000g\000u\036\323\000n}{chapter.2}% 5
\BOOKMARK [2][-]{subsection.2.2.1}{\376\377\000C\036\245\000u\000\040\000t\000r\000\372\000c\000\040\000t\000h\001\260\000\040\000m\036\345\000c\000\040\000\050\000t\000h\000e\000o\000\040\000f\000i\000l\000e\000\040\000t\000r\000e\000e\000\040\000h\000i\036\307\000n\000\040\000t\036\241\000i\000\051}{section.2.2}% 6
\BOOKMARK [2][-]{subsection.2.2.2}{\376\377\000V\000a\000i\000\040\000t\000r\000\362\000\040\000t\036\353\000n\000g\000\040\000n\000h\000\363\000m\000\040\000f\000i\000l\000e\000\040\000\050\000b\000\341\000m\000\040\000s\000\341\000t\000\040\000n\000a\000m\000i\000n\000g\000\040\000t\000r\000o\000n\000g\000\040\000c\000o\000d\000e\000\051}{section.2.2}% 7
\BOOKMARK [2][-]{subsection.2.2.3}{\376\377\001\020\000i\036\301\000u\000\040\000p\000h\036\321\000i\000\040\000l\001\260\036\343\000t\000\040\000c\000h\001\241\000i\000\040\000t\000r\000o\000n\000g\000\040\000m\000a\000i\000n\000.\000p\000y}{section.2.2}% 8
\BOOKMARK [1][-]{section.2.3}{\376\377\000C\000\341\000c\000\040\000c\000l\000a\000s\000s\000\040\000c\000h\000\355\000n\000h\000\040\000v\000\340\000\040\000c\000\341\000c\000h\000\040\000t\036\325\000\040\000c\000h\036\351\000c}{chapter.2}% 9
\BOOKMARK [2][-]{subsection.2.3.1}{\376\377\000C\000e\000l\000l\000:\000\040\000m\000\364\000\040\000h\000\354\000n\000h\000\040\000\364\000\040\000l\001\260\036\333\000i\000\040\000v\000\340\000\040\000t\001\260\036\335\000n\000g\000/\000c\036\325\000n\000g}{section.2.3}% 10
\BOOKMARK [2][-]{subsection.2.3.2}{\376\377\000P\000l\000a\000y\000e\000r\000:\000\040\000i\000n\000p\000u\000t\000,\000\040\000a\000n\000i\000m\000a\000t\000i\000o\000n\000,\000\040\000s\000m\000o\000o\000t\000h\000\040\000s\000l\000i\000d\000e}{section.2.3}% 11
\BOOKMARK [2][-]{subsection.2.3.3}{\376\377\000E\000n\000e\000m\000y\000:\000\040\000A\000I\000\040\000t\000h\000e\000o\000\040\000m\000o\000d\000e\000,\000\040\001\021\000i\000\040\0001\000\040\000h\000o\036\267\000c\000\040\0002\000\040\000b\001\260\036\333\000c\000,\000\040\000c\000\363\000\040\000u\000i\000d}{section.2.3}% 12
\BOOKMARK [2][-]{subsection.2.3.4}{\376\377\000G\000a\000m\000e\000s\000t\000a\000t\000e\000:\000\040\000s\000t\000a\000t\000e\000\040\000c\000h\000u\000n\000g\000,\000\040\000i\000t\000e\000m\000s\000,\000\040\000u\000n\000d\000o\000\040\000h\000i\000s\000t\000o\000r\000y\000,\000\040\000s\000o\000l\000u\000t\000i\000o\000n\000,\000\040\000g\000a\000t\000e\000\040\000a\000n\000i\000m\000a\000t\000i\000o\000n}{section.2.3}% 13
\BOOKMARK [1][-]{section.2.4}{\376\377\000U\000n\000d\000o\000\040\000v\000\340\000\040\000R\000e\000s\000t\000a\000r\000t}{chapter.2}% 14
\BOOKMARK [2][-]{subsection.2.4.1}{\376\377\000T\001\260\000\040\000t\001\260\036\337\000n\000g\000\040\000t\000r\000i\036\303\000n\000\040\000k\000h\000a\000i}{section.2.4}% 15
\BOOKMARK [2][-]{subsection.2.4.2}{\376\377\000m\000a\000k\000e\000\137\000s\000n\000a\000p\000s\000h\000o\000t\000\050\000\051\000:\000\040\000s\000n\000a\000p\000s\000h\000o\000t\000\040\000g\036\323\000m\000\040\000n\000h\036\357\000n\000g\000\040\000g\000\354}{section.2.4}% 16
\BOOKMARK [2][-]{subsection.2.4.3}{\376\377\000a\000p\000p\000l\000y\000\137\000s\000n\000a\000p\000s\000h\000o\000t\000\050\000\051\000:\000\040\000r\000e\000s\000t\000o\000r\000e\000\040\000s\000t\000a\000t\000e\000\040\000v\000\340\000\040\000r\000e\000s\000e\000t\000\040\000c\000\341\000c\000\040\000c\036\335\000\040\000m\000o\000v\000e\000m\000e\000n\000t}{section.2.4}% 17
\BOOKMARK [2][-]{subsection.2.4.4}{\376\377\000U\000n\000d\000o\000\040\000t\000r\000o\000n\000g\000\040\000r\000u\000n\000t\000i\000m\000e\000\040\000\050\000l\000i\000\352\000n\000\040\000h\036\307\000\040\000v\036\333\000i\000\040\000m\000a\000i\000n\000.\000p\000y\000\051}{section.2.4}% 18
\BOOKMARK [2][-]{subsection.2.4.5}{\376\377\000R\000e\000s\000t\000a\000r\000t}{section.2.4}% 19
\BOOKMARK [1][-]{section.2.5}{\376\377\000S\000i\000n\000h\000\040\000m\000\340\000n\000\040\000c\000h\001\241\000i\000\040\000\050\000G\000e\000n\000e\000r\000a\000t\000e\000\040\000g\000a\000m\000e\000\051}{chapter.2}% 20
\BOOKMARK [2][-]{subsection.2.5.1}{\376\377\000P\000i\000p\000e\000l\000i\000n\000e\000\040\000t\036\325\000n\000g\000\040\000t\000r\000o\000n\000g\000\040\000g\000e\000n\000e\000r\000a\000t\000e\000\137\000g\000a\000m\000e\000\050\000\051}{section.2.5}% 21
\BOOKMARK [2][-]{subsection.2.5.2}{\376\377\000P\000r\000i\000m\000\040\000w\000a\000l\000l\000\040\000g\000e\000n\000e\000r\000a\000t\000e\000:\000\040\000g\000e\000n\000e\000r\000a\000t\000e\000\137\000w\000a\000l\000l\000s\000\137\000p\000r\000\050\000\051}{section.2.5}% 22
\BOOKMARK [1][-]{section.2.6}{\376\377\000B\000F\000S\000\040\000p\000a\000t\000h\000\040\000f\000i\000n\000d\000i\000n\000g\000\040\000v\000\340\000\040\000k\000i\036\303\000m\000\040\000t\000r\000a\000\040\000s\000o\000l\000v\000a\000b\000l\000e}{chapter.2}% 23
\BOOKMARK [2][-]{subsection.2.6.1}{\376\377\000B\000F\000S\000\040\000t\000r\000o\000n\000g\000\040\000g\000a\000m\000e\000\040\000k\000h\000\364\000n\000g\000\040\000c\000h\036\311\000\040\000l\000\340\000\040\000B\000F\000S\000\040\000t\000h\000e\000o\000\040\000\364}{section.2.6}% 24
\BOOKMARK [2][-]{subsection.2.6.2}{\376\377\000S\000t\000a\000t\000e\000\040\000m\000\340\000\040\000B\000F\000S\000\040\001\021\000a\000n\000g\000\040\000x\000\351\000t\000\040\000\050\001\021\000\372\000n\000g\000\040\000t\000h\000e\000o\000\040\000c\000o\000d\000e\000\051}{section.2.6}% 25
\BOOKMARK [2][-]{subsection.2.6.3}{\376\377\000T\000r\000a\000n\000s\000i\000t\000i\000o\000n\000\040\000t\000r\000o\000n\000g\000\040\000B\000F\000S\000\040\000\050\000m\036\327\000i\000\040\000b\001\260\036\333\000c\000\040\000t\001\260\001\241\000n\000g\000\040\036\351\000n\000g\000\040\0001\000\040\000l\001\260\036\343\000t\000\040\000p\000l\000a\000y\000e\000r\000\051}{section.2.6}% 26
\BOOKMARK [2][-]{subsection.2.6.4}{\376\377\000G\000i\036\243\000\040\000l\036\255\000p\000\040\000e\000n\000e\000m\000y\000\040\000t\000u\000r\000n\000\040\000n\000g\000a\000y\000\040\000t\000r\000o\000n\000g\000\040\000B\000F\000S}{section.2.6}% 27
\BOOKMARK [2][-]{subsection.2.6.5}{\376\377\000R\000e\000c\000o\000n\000s\000t\000r\000u\000c\000t\000\040\000s\000o\000l\000u\000t\000i\000o\000n}{section.2.6}% 28
\BOOKMARK [1][-]{section.2.7}{\376\377\000H\000a\000i\000\040\000t\000h\000u\036\255\000t\000\040\000t\000o\000\341\000n\000\040\001\021\001\260\036\335\000n\000g\000\040\001\021\000i\000\040\000c\000h\000\355\000n\000h\000\040\000c\036\347\000a\000\040\000q\000u\000\341\000i}{chapter.2}% 29
\BOOKMARK [2][-]{subsection.2.7.1}{\376\377\000M\000a\000n\000h\000a\000t\000t\000a\000n\000\040\000g\000r\000e\000e\000d\000y\000:\000\040\000n\000e\000w\000\137\000e\000n\000e\000m\000y\000\137\000p\000o\000s\000i\000t\000i\000o\000n\000\050\000\051}{section.2.7}% 30
\BOOKMARK [2][-]{subsection.2.7.2}{\376\377\000B\000F\000S\000\040\000\050\000i\000m\000p\000o\000s\000s\000i\000b\000l\000e\000\040\000m\000o\000d\000e\000\051\000:\000\040\000i\000m\000p\000o\000s\000s\000i\000b\000l\000e\000\137\000m\000o\000d\000e\000\137\000m\000o\000v\000e\000\050\000\051}{section.2.7}% 31
\BOOKMARK [2][-]{subsection.2.7.3}{\376\377\000K\036\277\000t\000\040\000n\036\321\000i\000\040\000v\036\333\000i\000\040\000c\001\241\000\040\000c\000h\036\277\000\040\0002\000\040\000b\001\260\036\333\000c\000/\000t\000u\000r\000n}{section.2.7}% 32
\BOOKMARK [1][-]{section.2.8}{\376\377\000T\036\325\000\040\000c\000h\036\351\000c\000\040\000l\000e\000v\000e\000l\000\040\000J\000S\000O\000N\000\040\000v\000\340\000\040\000s\000a\000v\000e\000\040\000J\000S\000O\000N}{chapter.2}% 33
\BOOKMARK [2][-]{subsection.2.8.1}{\376\377\000L\000e\000v\000e\000l\000\040\000J\000S\000O\000N\000\040\000\050\000a\000s\000s\000e\000t\000s\000/\000m\000a\000p\000/\000*\000\051}{section.2.8}% 34
\BOOKMARK [2][-]{subsection.2.8.2}{\376\377\000S\000a\000v\000e\000\040\000J\000S\000O\000N\000\040\000\050\000l\000o\000c\000a\000l\000\040\000p\000r\000o\000f\000i\000l\000e\000,\000\040\000s\000a\000v\000e\000l\000o\000a\000d\000.\000p\000y\000\051}{section.2.8}% 35
\BOOKMARK [1][-]{section.2.9}{\376\377\000S\000p\000r\000i\000t\000e\000\040\000s\000h\000e\000e\000t\000,\000\040\000a\000n\000i\000m\000a\000t\000i\000o\000n\000,\000\040\000v\000\340\000\040\000h\036\307\000\040\000t\000h\036\321\000n\000g\000\040\000s\000k\000i\000n}{chapter.2}% 36
\BOOKMARK [2][-]{subsection.2.9.1}{\376\377\000Q\000u\000y\000\040\001\260\036\333\000c\000\040\000s\000p\000r\000i\000t\000e\000\040\000h\001\260\036\333\000n\000g\000\040\000v\000\340\000\040\000f\000r\000a\000m\000e}{section.2.9}% 37
\BOOKMARK [2][-]{subsection.2.9.2}{\376\377\000C\036\257\000t\000\040\000s\000p\000r\000i\000t\000e\000\040\000s\000h\000e\000e\000t\000\040\000k\000i\036\303\000u\000\040\000g\000r\000i\000d\000\040\000\050\000l\000e\000g\000a\000c\000y\000\051\000:\000\040\000a\000d\000d\000\137\000s\000p\000r\000i\000t\000e\000\137\000f\000r\000a\000m\000e\000s\000\050\000\051}{section.2.9}% 38
\BOOKMARK [2][-]{subsection.2.9.3}{\376\377\000C\000h\036\241\000y\000\040\000a\000n\000i\000m\000a\000t\000i\000o\000n\000\040\000+\000\040\000s\000l\000i\000d\000e}{section.2.9}% 39
\BOOKMARK [0][-]{chapter.3}{\376\377\000U\000I\000\040\000I\000N\000T\000R\000O\000D\000U\000C\000T\000I\000O\000N}{}% 40
\BOOKMARK [1][-]{section.3.1}{\376\377\000S\001\241\000\040\000l\001\260\036\343\000c\000\040\000g\000i\000a\000o\000\040\000d\000i\036\307\000n\000\040\000g\000a\000m\000e}{chapter.3}% 41
\BOOKMARK [2][-]{subsection.3.1.1}{\376\377\000T\036\325\000n\000g\000\040\000q\000u\000a\000n\000\040\000t\000r\000\362\000\040\000c\000h\001\241\000i}{section.3.1}% 42
\BOOKMARK [2][-]{subsection.3.1.2}{\376\377\000C\000\364\000n\000g\000\040\000n\000g\000h\036\307\000\040\000s\036\355\000\040\000d\036\345\000n\000g}{section.3.1}% 43
\BOOKMARK [1][-]{section.3.2}{\376\377\000C\000\341\000c\000\040\000c\000h\036\351\000c\000\040\000n\001\003\000n\000g\000\040\000c\036\347\000a\000\040\000g\000a\000m\000e\000:}{chapter.3}% 44
\BOOKMARK [2][-]{subsection.3.2.1}{\376\377\001\020\036\323\000\040\000h\036\315\000a\000\040\000v\000\340\000\040\000h\000o\036\241\000t\000\040\036\243\000n\000h}{section.3.2}% 45
\BOOKMARK [2][-]{subsection.3.2.2}{\376\377\000H\036\307\000\040\000t\000h\036\321\000n\000g\000\040\000Q\000u\036\243\000n\000\040\000l\000\375\000\040\000t\000\340\000i\000\040\000k\000h\000o\036\243\000n\000:}{section.3.2}% 46
\BOOKMARK [2][-]{subsection.3.2.3}{\376\377\000G\000i\000a\000o\000\040\000d\000i\036\307\000n\000\040\000M\000e\000n\000u\000\040\000c\000h\000\355\000n\000h}{section.3.2}% 47
\BOOKMARK [2][-]{subsection.3.2.4}{\376\377\000L\036\361\000a\000\040\000c\000h\036\315\000n\000\040\000c\000h\036\277\000\040\001\021\036\331\000\040\000c\000h\001\241\000i}{section.3.2}% 48
\BOOKMARK [2][-]{subsection.3.2.5}{\376\377\000G\000i\000a\000o\000\040\000d\000i\036\307\000n\000\040\000M\000\340\000n\000\040\000h\000\354\000n\000h\000\040\000c\000h\001\241\000i}{section.3.2}% 49
\BOOKMARK [2][-]{subsection.3.2.6}{\376\377\000G\000i\000a\000o\000\040\000d\000i\036\307\000n\000\040\000k\000h\000i\000\040\000t\000h\036\245\000t\000\040\000b\036\241\000i}{section.3.2}% 50
